UVM_INFO sr_scoreboard.sv(151) @ 5: uvm_test_top.env_h.scoreboard_h [write_mon OUT ]  s=0  r=0 ||  q=x qbar=x
UVM_INFO sr_scoreboard.sv(87) @ 5: uvm_test_top.env_h.scoreboard_h [write_drv STIM]  s=1  r=0
UVM_INFO sr_scoreboard.sv(151) @ 10: uvm_test_top.env_h.scoreboard_h [write_mon OUT ]  s=1  r=0 ||  q=1 qbar=0
UVM_INFO sr_scoreboard.sv(87) @ 10: uvm_test_top.env_h.scoreboard_h [write_drv STIM]  s=1  r=0
UVM_INFO sr_scoreboard.sv(185) @ 10: uvm_test_top.env_h.scoreboard_h [
 [ PASS ]  s=1  r=0 ||  q=1 qbar=0
UVM_INFO sr_scoreboard.sv(151) @ 15: uvm_test_top.env_h.scoreboard_h [write_mon OUT ]  s=1  r=0 ||  q=1 qbar=0
UVM_INFO sr_scoreboard.sv(87) @ 15: uvm_test_top.env_h.scoreboard_h [write_drv STIM]  s=0  r=1
UVM_INFO sr_scoreboard.sv(185) @ 15: uvm_test_top.env_h.scoreboard_h [
 [ PASS ]  s=1  r=0 ||  q=1 qbar=0
UVM_INFO sr_scoreboard.sv(151) @ 20: uvm_test_top.env_h.scoreboard_h [write_mon OUT ]  s=0  r=1 ||  q=0 qbar=1
UVM_INFO sr_scoreboard.sv(87) @ 20: uvm_test_top.env_h.scoreboard_h [write_drv STIM]  s=0  r=1
UVM_INFO sr_scoreboard.sv(185) @ 20: uvm_test_top.env_h.scoreboard_h [
 [ PASS ]  s=0  r=1 ||  q=0 qbar=1
UVM_INFO sr_scoreboard.sv(151) @ 25: uvm_test_top.env_h.scoreboard_h [write_mon OUT ]  s=0  r=1 ||  q=0 qbar=1
UVM_INFO sr_scoreboard.sv(87) @ 25: uvm_test_top.env_h.scoreboard_h [write_drv STIM]  s=1  r=1
UVM_INFO sr_scoreboard.sv(185) @ 25: uvm_test_top.env_h.scoreboard_h [
 [ PASS ]  s=0  r=1 ||  q=0 qbar=1
UVM_INFO sr_scoreboard.sv(151) @ 30: uvm_test_top.env_h.scoreboard_h [write_mon OUT ]  s=1  r=1 ||  q=x qbar=x
UVM_INFO sr_scoreboard.sv(87) @ 30: uvm_test_top.env_h.scoreboard_h [write_drv STIM]  s=1  r=0
UVM_INFO sr_scoreboard.sv(185) @ 30: uvm_test_top.env_h.scoreboard_h [
 [ PASS ]  s=1  r=1 ||  q=x qbar=x
UVM_INFO sr_scoreboard.sv(151) @ 35: uvm_test_top.env_h.scoreboard_h [write_mon OUT ]  s=1  r=0 ||  q=1 qbar=0
UVM_INFO sr_scoreboard.sv(87) @ 35: uvm_test_top.env_h.scoreboard_h [write_drv STIM]  s=0  r=0
UVM_INFO sr_scoreboard.sv(185) @ 35: uvm_test_top.env_h.scoreboard_h [
 [ PASS ]  s=1  r=0 ||  q=1 qbar=0
UVM_INFO sr_scoreboard.sv(151) @ 40: uvm_test_top.env_h.scoreboard_h [write_mon OUT ]  s=0  r=0 ||  q=1 qbar=0
UVM_INFO sr_scoreboard.sv(87) @ 40: uvm_test_top.env_h.scoreboard_h [write_drv STIM]  s=0  r=0
UVM_INFO sr_scoreboard.sv(185) @ 40: uvm_test_top.env_h.scoreboard_h [
 [ PASS ]  s=0  r=0 ||  q=1 qbar=0
UVM_INFO sr_scoreboard.sv(151) @ 45: uvm_test_top.env_h.scoreboard_h [write_mon OUT ]  s=0  r=0 ||  q=1 qbar=0
UVM_INFO sr_scoreboard.sv(87) @ 45: uvm_test_top.env_h.scoreboard_h [write_drv STIM]  s=0  r=1
UVM_INFO sr_scoreboard.sv(185) @ 45: uvm_test_top.env_h.scoreboard_h [
 [ PASS ]  s=0  r=0 ||  q=1 qbar=0
UVM_INFO sr_scoreboard.sv(151) @ 50: uvm_test_top.env_h.scoreboard_h [write_mon OUT ]  s=0  r=1 ||  q=0 qbar=1
UVM_INFO sr_scoreboard.sv(87) @ 50: uvm_test_top.env_h.scoreboard_h [write_drv STIM]  s=0  r=0
UVM_INFO sr_scoreboard.sv(185) @ 50: uvm_test_top.env_h.scoreboard_h [
 [ PASS ]  s=0  r=1 ||  q=0 qbar=1
UVM_INFO sr_scoreboard.sv(151) @ 55: uvm_test_top.env_h.scoreboard_h [write_mon OUT ]  s=0  r=0 ||  q=0 qbar=1
UVM_INFO sr_scoreboard.sv(87) @ 55: uvm_test_top.env_h.scoreboard_h [write_drv STIM]  s=1  r=1
UVM_INFO sr_scoreboard.sv(185) @ 55: uvm_test_top.env_h.scoreboard_h [
 [ PASS ]  s=0  r=0 ||  q=0 qbar=1
UVM_INFO sr_scoreboard.sv(151) @ 60: uvm_test_top.env_h.scoreboard_h [write_mon OUT ]  s=1  r=1 ||  q=x qbar=x
UVM_INFO sr_scoreboard.sv(87) @ 60: uvm_test_top.env_h.scoreboard_h [write_drv STIM]  s=1  r=1
UVM_INFO sr_scoreboard.sv(185) @ 60: uvm_test_top.env_h.scoreboard_h [
 [ PASS ]  s=1  r=1 ||  q=x qbar=x
UVM_INFO sr_scoreboard.sv(151) @ 65: uvm_test_top.env_h.scoreboard_h [write_mon OUT ]  s=1  r=1 ||  q=x qbar=x
UVM_INFO sr_scoreboard.sv(87) @ 65: uvm_test_top.env_h.scoreboard_h [write_drv STIM]  s=1  r=0
UVM_INFO sr_scoreboard.sv(185) @ 65: uvm_test_top.env_h.scoreboard_h [
 [ PASS ]  s=1  r=1 ||  q=x qbar=x
UVM_INFO sr_scoreboard.sv(151) @ 70: uvm_test_top.env_h.scoreboard_h [write_mon OUT ]  s=1  r=0 ||  q=1 qbar=0
UVM_INFO sr_scoreboard.sv(87) @ 70: uvm_test_top.env_h.scoreboard_h [write_drv STIM]  s=0  r=0
UVM_INFO sr_scoreboard.sv(185) @ 70: uvm_test_top.env_h.scoreboard_h [
 [ PASS ]  s=1  r=0 ||  q=1 qbar=0
UVM_INFO sr_scoreboard.sv(151) @ 75: uvm_test_top.env_h.scoreboard_h [write_mon OUT ]  s=0  r=0 ||  q=1 qbar=0
UVM_INFO sr_scoreboard.sv(87) @ 75: uvm_test_top.env_h.scoreboard_h [write_drv STIM]  s=0  r=1
UVM_INFO sr_scoreboard.sv(185) @ 75: uvm_test_top.env_h.scoreboard_h [
 [ PASS ]  s=0  r=0 ||  q=1 qbar=0
UVM_INFO sr_scoreboard.sv(151) @ 80: uvm_test_top.env_h.scoreboard_h [write_mon OUT ]  s=0  r=1 ||  q=0 qbar=1
UVM_INFO sr_scoreboard.sv(87) @ 80: uvm_test_top.env_h.scoreboard_h [write_drv STIM]  s=0  r=0
UVM_INFO sr_scoreboard.sv(185) @ 80: uvm_test_top.env_h.scoreboard_h [
 [ PASS ]  s=0  r=1 ||  q=0 qbar=1
UVM_INFO sr_scoreboard.sv(151) @ 85: uvm_test_top.env_h.scoreboard_h [write_mon OUT ]  s=0  r=0 ||  q=0 qbar=1
UVM_INFO sr_scoreboard.sv(87) @ 85: uvm_test_top.env_h.scoreboard_h [write_drv STIM]  s=0  r=0
UVM_INFO sr_scoreboard.sv(185) @ 85: uvm_test_top.env_h.scoreboard_h [
 [ PASS ]  s=0  r=0 ||  q=0 qbar=1
UVM_INFO sr_scoreboard.sv(151) @ 90: uvm_test_top.env_h.scoreboard_h [write_mon OUT ]  s=0  r=0 ||  q=0 qbar=1
UVM_INFO sr_scoreboard.sv(87) @ 90: uvm_test_top.env_h.scoreboard_h [write_drv STIM]  s=1  r=0
UVM_INFO sr_scoreboard.sv(185) @ 90: uvm_test_top.env_h.scoreboard_h [
 [ PASS ]  s=0  r=0 ||  q=0 qbar=1
UVM_INFO sr_scoreboard.sv(151) @ 95: uvm_test_top.env_h.scoreboard_h [write_mon OUT ]  s=1  r=0 ||  q=1 qbar=0
UVM_INFO sr_scoreboard.sv(87) @ 95: uvm_test_top.env_h.scoreboard_h [write_drv STIM]  s=0  r=0
UVM_INFO sr_scoreboard.sv(185) @ 95: uvm_test_top.env_h.scoreboard_h [
 [ PASS ]  s=1  r=0 ||  q=1 qbar=0
UVM_INFO sr_scoreboard.sv(151) @ 100: uvm_test_top.env_h.scoreboard_h [write_mon OUT ]  s=0  r=0 ||  q=1 qbar=0
UVM_INFO sr_scoreboard.sv(87) @ 100: uvm_test_top.env_h.scoreboard_h [write_drv STIM]  s=0  r=1
UVM_INFO sr_scoreboard.sv(185) @ 100: uvm_test_top.env_h.scoreboard_h [
 [ PASS ]  s=0  r=0 ||  q=1 qbar=0
UVM_INFO sr_scoreboard.sv(151) @ 105: uvm_test_top.env_h.scoreboard_h [write_mon OUT ]  s=0  r=1 ||  q=0 qbar=1
UVM_INFO sr_scoreboard.sv(87) @ 105: uvm_test_top.env_h.scoreboard_h [write_drv STIM]  s=0  r=0
UVM_INFO sr_scoreboard.sv(185) @ 105: uvm_test_top.env_h.scoreboard_h [
 [ PASS ]  s=0  r=1 ||  q=0 qbar=1
UVM_INFO sr_scoreboard.sv(151) @ 110: uvm_test_top.env_h.scoreboard_h [write_mon OUT ]  s=0  r=0 ||  q=0 qbar=1
UVM_INFO sr_scoreboard.sv(87) @ 110: uvm_test_top.env_h.scoreboard_h [write_drv STIM]  s=1  r=0
UVM_INFO sr_scoreboard.sv(185) @ 110: uvm_test_top.env_h.scoreboard_h [
 [ PASS ]  s=0  r=0 ||  q=0 qbar=1
UVM_INFO sr_scoreboard.sv(151) @ 115: uvm_test_top.env_h.scoreboard_h [write_mon OUT ]  s=1  r=0 ||  q=1 qbar=0
UVM_INFO sr_scoreboard.sv(87) @ 115: uvm_test_top.env_h.scoreboard_h [write_drv STIM]  s=0  r=1
UVM_INFO sr_scoreboard.sv(185) @ 115: uvm_test_top.env_h.scoreboard_h [
 [ PASS ]  s=1  r=0 ||  q=1 qbar=0
UVM_INFO sr_scoreboard.sv(151) @ 120: uvm_test_top.env_h.scoreboard_h [write_mon OUT ]  s=0  r=1 ||  q=0 qbar=1
UVM_INFO sr_scoreboard.sv(87) @ 120: uvm_test_top.env_h.scoreboard_h [write_drv STIM]  s=1  r=0
UVM_INFO sr_scoreboard.sv(185) @ 120: uvm_test_top.env_h.scoreboard_h [
 [ PASS ]  s=0  r=1 ||  q=0 qbar=1
UVM_INFO sr_scoreboard.sv(151) @ 125: uvm_test_top.env_h.scoreboard_h [write_mon OUT ]  s=1  r=0 ||  q=1 qbar=0
UVM_INFO sr_scoreboard.sv(87) @ 125: uvm_test_top.env_h.scoreboard_h [write_drv STIM]  s=0  r=0
UVM_INFO sr_scoreboard.sv(185) @ 125: uvm_test_top.env_h.scoreboard_h [
 [ PASS ]  s=1  r=0 ||  q=1 qbar=0
UVM_INFO sr_scoreboard.sv(151) @ 130: uvm_test_top.env_h.scoreboard_h [write_mon OUT ]  s=0  r=0 ||  q=1 qbar=0
UVM_INFO sr_scoreboard.sv(87) @ 130: uvm_test_top.env_h.scoreboard_h [write_drv STIM]  s=0  r=1
UVM_INFO sr_scoreboard.sv(185) @ 130: uvm_test_top.env_h.scoreboard_h [
 [ PASS ]  s=0  r=0 ||  q=1 qbar=0
UVM_INFO sr_scoreboard.sv(151) @ 135: uvm_test_top.env_h.scoreboard_h [write_mon OUT ]  s=0  r=1 ||  q=0 qbar=1
UVM_INFO sr_scoreboard.sv(87) @ 135: uvm_test_top.env_h.scoreboard_h [write_drv STIM]  s=1  r=0
UVM_INFO sr_scoreboard.sv(185) @ 135: uvm_test_top.env_h.scoreboard_h [
 [ PASS ]  s=0  r=1 ||  q=0 qbar=1
UVM_INFO sr_scoreboard.sv(151) @ 140: uvm_test_top.env_h.scoreboard_h [write_mon OUT ]  s=1  r=0 ||  q=1 qbar=0
UVM_INFO sr_scoreboard.sv(87) @ 140: uvm_test_top.env_h.scoreboard_h [write_drv STIM]  s=0  r=0
UVM_INFO sr_scoreboard.sv(185) @ 140: uvm_test_top.env_h.scoreboard_h [
 [ PASS ]  s=1  r=0 ||  q=1 qbar=0
UVM_INFO sr_scoreboard.sv(151) @ 145: uvm_test_top.env_h.scoreboard_h [write_mon OUT ]  s=0  r=0 ||  q=1 qbar=0
UVM_INFO sr_scoreboard.sv(87) @ 145: uvm_test_top.env_h.scoreboard_h [write_drv STIM]  s=0  r=1
UVM_INFO sr_scoreboard.sv(185) @ 145: uvm_test_top.env_h.scoreboard_h [
 [ PASS ]  s=0  r=0 ||  q=1 qbar=0
UVM_INFO sr_scoreboard.sv(151) @ 150: uvm_test_top.env_h.scoreboard_h [write_mon OUT ]  s=0  r=1 ||  q=0 qbar=1
UVM_INFO sr_scoreboard.sv(87) @ 150: uvm_test_top.env_h.scoreboard_h [write_drv STIM]  s=1  r=1
UVM_INFO sr_scoreboard.sv(185) @ 150: uvm_test_top.env_h.scoreboard_h [
 [ PASS ]  s=0  r=1 ||  q=0 qbar=1
UVM_INFO sr_scoreboard.sv(151) @ 155: uvm_test_top.env_h.scoreboard_h [write_mon OUT ]  s=1  r=1 ||  q=x qbar=x
UVM_INFO sr_scoreboard.sv(87) @ 155: uvm_test_top.env_h.scoreboard_h [write_drv STIM]  s=1  r=1
UVM_INFO sr_scoreboard.sv(185) @ 155: uvm_test_top.env_h.scoreboard_h [
 [ PASS ]  s=1  r=1 ||  q=x qbar=x
UVM_INFO sr_scoreboard.sv(151) @ 160: uvm_test_top.env_h.scoreboard_h [write_mon OUT ]  s=1  r=1 ||  q=x qbar=x
UVM_INFO sr_scoreboard.sv(87) @ 160: uvm_test_top.env_h.scoreboard_h [write_drv STIM]  s=0  r=1
UVM_INFO sr_scoreboard.sv(185) @ 160: uvm_test_top.env_h.scoreboard_h [
 [ PASS ]  s=1  r=1 ||  q=x qbar=x
UVM_INFO sr_scoreboard.sv(151) @ 165: uvm_test_top.env_h.scoreboard_h [write_mon OUT ]  s=0  r=1 ||  q=0 qbar=1
UVM_INFO sr_scoreboard.sv(87) @ 165: uvm_test_top.env_h.scoreboard_h [write_drv STIM]  s=0  r=1
UVM_INFO sr_scoreboard.sv(185) @ 165: uvm_test_top.env_h.scoreboard_h [
 [ PASS ]  s=0  r=1 ||  q=0 qbar=1
UVM_INFO sr_scoreboard.sv(151) @ 170: uvm_test_top.env_h.scoreboard_h [write_mon OUT ]  s=0  r=1 ||  q=0 qbar=1
UVM_INFO sr_scoreboard.sv(87) @ 170: uvm_test_top.env_h.scoreboard_h [write_drv STIM]  s=0  r=0
UVM_INFO sr_scoreboard.sv(185) @ 170: uvm_test_top.env_h.scoreboard_h [
 [ PASS ]  s=0  r=1 ||  q=0 qbar=1
UVM_INFO sr_scoreboard.sv(151) @ 175: uvm_test_top.env_h.scoreboard_h [write_mon OUT ]  s=0  r=0 ||  q=0 qbar=1
UVM_INFO sr_scoreboard.sv(87) @ 175: uvm_test_top.env_h.scoreboard_h [write_drv STIM]  s=1  r=1
UVM_INFO sr_scoreboard.sv(185) @ 175: uvm_test_top.env_h.scoreboard_h [
 [ PASS ]  s=0  r=0 ||  q=0 qbar=1
UVM_INFO sr_scoreboard.sv(151) @ 180: uvm_test_top.env_h.scoreboard_h [write_mon OUT ]  s=1  r=1 ||  q=x qbar=x
UVM_INFO sr_scoreboard.sv(87) @ 180: uvm_test_top.env_h.scoreboard_h [write_drv STIM]  s=0  r=1
UVM_INFO sr_scoreboard.sv(185) @ 180: uvm_test_top.env_h.scoreboard_h [
 [ PASS ]  s=1  r=1 ||  q=x qbar=x
UVM_INFO sr_scoreboard.sv(151) @ 185: uvm_test_top.env_h.scoreboard_h [write_mon OUT ]  s=0  r=1 ||  q=0 qbar=1
UVM_INFO sr_scoreboard.sv(87) @ 185: uvm_test_top.env_h.scoreboard_h [write_drv STIM]  s=0  r=1
UVM_INFO sr_scoreboard.sv(185) @ 185: uvm_test_top.env_h.scoreboard_h [
 [ PASS ]  s=0  r=1 ||  q=0 qbar=1
UVM_INFO sr_scoreboard.sv(151) @ 190: uvm_test_top.env_h.scoreboard_h [write_mon OUT ]  s=0  r=1 ||  q=0 qbar=1
UVM_INFO sr_scoreboard.sv(87) @ 190: uvm_test_top.env_h.scoreboard_h [write_drv STIM]  s=0  r=0
UVM_INFO sr_scoreboard.sv(185) @ 190: uvm_test_top.env_h.scoreboard_h [
 [ PASS ]  s=0  r=1 ||  q=0 qbar=1
UVM_INFO sr_scoreboard.sv(151) @ 195: uvm_test_top.env_h.scoreboard_h [write_mon OUT ]  s=0  r=0 ||  q=0 qbar=1
UVM_INFO sr_scoreboard.sv(87) @ 195: uvm_test_top.env_h.scoreboard_h [write_drv STIM]  s=1  r=0
UVM_INFO sr_scoreboard.sv(185) @ 195: uvm_test_top.env_h.scoreboard_h [
 [ PASS ]  s=0  r=0 ||  q=0 qbar=1
UVM_INFO sr_scoreboard.sv(151) @ 200: uvm_test_top.env_h.scoreboard_h [write_mon OUT ]  s=1  r=0 ||  q=1 qbar=0
UVM_INFO sr_scoreboard.sv(87) @ 200: uvm_test_top.env_h.scoreboard_h [write_drv STIM]  s=0  r=1
UVM_INFO sr_scoreboard.sv(185) @ 200: uvm_test_top.env_h.scoreboard_h [
 [ PASS ]  s=1  r=0 ||  q=1 qbar=0
UVM_INFO sr_scoreboard.sv(151) @ 205: uvm_test_top.env_h.scoreboard_h [write_mon OUT ]  s=0  r=1 ||  q=0 qbar=1
UVM_INFO sr_scoreboard.sv(87) @ 205: uvm_test_top.env_h.scoreboard_h [write_drv STIM]  s=0  r=1
UVM_INFO sr_scoreboard.sv(185) @ 205: uvm_test_top.env_h.scoreboard_h [
 [ PASS ]  s=0  r=1 ||  q=0 qbar=1
UVM_INFO sr_scoreboard.sv(151) @ 210: uvm_test_top.env_h.scoreboard_h [write_mon OUT ]  s=0  r=1 ||  q=0 qbar=1
UVM_INFO sr_scoreboard.sv(87) @ 210: uvm_test_top.env_h.scoreboard_h [write_drv STIM]  s=1  r=0
UVM_INFO sr_scoreboard.sv(185) @ 210: uvm_test_top.env_h.scoreboard_h [
 [ PASS ]  s=0  r=1 ||  q=0 qbar=1
UVM_INFO sr_scoreboard.sv(151) @ 215: uvm_test_top.env_h.scoreboard_h [write_mon OUT ]  s=1  r=0 ||  q=1 qbar=0
UVM_INFO sr_scoreboard.sv(87) @ 215: uvm_test_top.env_h.scoreboard_h [write_drv STIM]  s=1  r=1
UVM_INFO sr_scoreboard.sv(185) @ 215: uvm_test_top.env_h.scoreboard_h [
 [ PASS ]  s=1  r=0 ||  q=1 qbar=0
UVM_INFO sr_scoreboard.sv(151) @ 220: uvm_test_top.env_h.scoreboard_h [write_mon OUT ]  s=1  r=1 ||  q=x qbar=x
UVM_INFO sr_scoreboard.sv(87) @ 220: uvm_test_top.env_h.scoreboard_h [write_drv STIM]  s=1  r=1
UVM_INFO sr_scoreboard.sv(185) @ 220: uvm_test_top.env_h.scoreboard_h [
 [ PASS ]  s=1  r=1 ||  q=x qbar=x
UVM_INFO sr_scoreboard.sv(151) @ 225: uvm_test_top.env_h.scoreboard_h [write_mon OUT ]  s=1  r=1 ||  q=x qbar=x
UVM_INFO sr_scoreboard.sv(87) @ 225: uvm_test_top.env_h.scoreboard_h [write_drv STIM]  s=0  r=1
UVM_INFO sr_scoreboard.sv(185) @ 225: uvm_test_top.env_h.scoreboard_h [
 [ PASS ]  s=1  r=1 ||  q=x qbar=x
UVM_INFO sr_scoreboard.sv(151) @ 230: uvm_test_top.env_h.scoreboard_h [write_mon OUT ]  s=0  r=1 ||  q=0 qbar=1
UVM_INFO sr_scoreboard.sv(87) @ 230: uvm_test_top.env_h.scoreboard_h [write_drv STIM]  s=1  r=1
UVM_INFO sr_scoreboard.sv(185) @ 230: uvm_test_top.env_h.scoreboard_h [
 [ PASS ]  s=0  r=1 ||  q=0 qbar=1
UVM_INFO sr_scoreboard.sv(151) @ 235: uvm_test_top.env_h.scoreboard_h [write_mon OUT ]  s=1  r=1 ||  q=x qbar=x
UVM_INFO sr_scoreboard.sv(87) @ 235: uvm_test_top.env_h.scoreboard_h [write_drv STIM]  s=0  r=1
UVM_INFO sr_scoreboard.sv(185) @ 235: uvm_test_top.env_h.scoreboard_h [
 [ PASS ]  s=1  r=1 ||  q=x qbar=x
UVM_INFO sr_scoreboard.sv(151) @ 240: uvm_test_top.env_h.scoreboard_h [write_mon OUT ]  s=0  r=1 ||  q=0 qbar=1
UVM_INFO sr_scoreboard.sv(87) @ 240: uvm_test_top.env_h.scoreboard_h [write_drv STIM]  s=1  r=1
UVM_INFO sr_scoreboard.sv(185) @ 240: uvm_test_top.env_h.scoreboard_h [
 [ PASS ]  s=0  r=1 ||  q=0 qbar=1
UVM_INFO sr_scoreboard.sv(151) @ 245: uvm_test_top.env_h.scoreboard_h [write_mon OUT ]  s=1  r=1 ||  q=x qbar=x
UVM_INFO sr_scoreboard.sv(87) @ 245: uvm_test_top.env_h.scoreboard_h [write_drv STIM]  s=0  r=1
UVM_INFO sr_scoreboard.sv(185) @ 245: uvm_test_top.env_h.scoreboard_h [
 [ PASS ]  s=1  r=1 ||  q=x qbar=x
UVM_INFO sr_scoreboard.sv(151) @ 250: uvm_test_top.env_h.scoreboard_h [write_mon OUT ]  s=0  r=1 ||  q=0 qbar=1
UVM_INFO sr_scoreboard.sv(87) @ 250: uvm_test_top.env_h.scoreboard_h [write_drv STIM]  s=0  r=1
UVM_INFO sr_scoreboard.sv(185) @ 250: uvm_test_top.env_h.scoreboard_h [
 [ PASS ]  s=0  r=1 ||  q=0 qbar=1
UVM_INFO sr_scoreboard.sv(151) @ 255: uvm_test_top.env_h.scoreboard_h [write_mon OUT ]  s=0  r=1 ||  q=0 qbar=1
UVM_INFO sr_scoreboard.sv(87) @ 255: uvm_test_top.env_h.scoreboard_h [write_drv STIM]  s=1  r=0
UVM_INFO sr_scoreboard.sv(185) @ 255: uvm_test_top.env_h.scoreboard_h [
 [ PASS ]  s=0  r=1 ||  q=0 qbar=1
UVM_INFO sr_scoreboard.sv(151) @ 260: uvm_test_top.env_h.scoreboard_h [write_mon OUT ]  s=1  r=0 ||  q=1 qbar=0
UVM_INFO sr_scoreboard.sv(87) @ 260: uvm_test_top.env_h.scoreboard_h [write_drv STIM]  s=0  r=0
UVM_INFO sr_scoreboard.sv(185) @ 260: uvm_test_top.env_h.scoreboard_h [
 [ PASS ]  s=1  r=0 ||  q=1 qbar=0
UVM_INFO sr_scoreboard.sv(151) @ 265: uvm_test_top.env_h.scoreboard_h [write_mon OUT ]  s=0  r=0 ||  q=1 qbar=0
UVM_INFO sr_scoreboard.sv(87) @ 265: uvm_test_top.env_h.scoreboard_h [write_drv STIM]  s=1  r=0
UVM_INFO sr_scoreboard.sv(185) @ 265: uvm_test_top.env_h.scoreboard_h [
 [ PASS ]  s=0  r=0 ||  q=1 qbar=0
UVM_INFO sr_scoreboard.sv(151) @ 270: uvm_test_top.env_h.scoreboard_h [write_mon OUT ]  s=1  r=0 ||  q=1 qbar=0
UVM_INFO sr_scoreboard.sv(87) @ 270: uvm_test_top.env_h.scoreboard_h [write_drv STIM]  s=0  r=0
UVM_INFO sr_scoreboard.sv(185) @ 270: uvm_test_top.env_h.scoreboard_h [
 [ PASS ]  s=1  r=0 ||  q=1 qbar=0
UVM_INFO sr_scoreboard.sv(151) @ 275: uvm_test_top.env_h.scoreboard_h [write_mon OUT ]  s=0  r=0 ||  q=1 qbar=0
UVM_INFO sr_scoreboard.sv(87) @ 275: uvm_test_top.env_h.scoreboard_h [write_drv STIM]  s=1  r=0
UVM_INFO sr_scoreboard.sv(185) @ 275: uvm_test_top.env_h.scoreboard_h [
 [ PASS ]  s=0  r=0 ||  q=1 qbar=0
UVM_INFO sr_scoreboard.sv(151) @ 280: uvm_test_top.env_h.scoreboard_h [write_mon OUT ]  s=1  r=0 ||  q=1 qbar=0
UVM_INFO sr_scoreboard.sv(87) @ 280: uvm_test_top.env_h.scoreboard_h [write_drv STIM]  s=0  r=0
UVM_INFO sr_scoreboard.sv(185) @ 280: uvm_test_top.env_h.scoreboard_h [
 [ PASS ]  s=1  r=0 ||  q=1 qbar=0
UVM_INFO sr_scoreboard.sv(151) @ 285: uvm_test_top.env_h.scoreboard_h [write_mon OUT ]  s=0  r=0 ||  q=1 qbar=0
UVM_INFO sr_scoreboard.sv(87) @ 285: uvm_test_top.env_h.scoreboard_h [write_drv STIM]  s=1  r=0
UVM_INFO sr_scoreboard.sv(185) @ 285: uvm_test_top.env_h.scoreboard_h [
 [ PASS ]  s=0  r=0 ||  q=1 qbar=0
UVM_INFO sr_scoreboard.sv(151) @ 290: uvm_test_top.env_h.scoreboard_h [write_mon OUT ]  s=1  r=0 ||  q=1 qbar=0
UVM_INFO sr_scoreboard.sv(87) @ 290: uvm_test_top.env_h.scoreboard_h [write_drv STIM]  s=0  r=0
UVM_INFO sr_scoreboard.sv(185) @ 290: uvm_test_top.env_h.scoreboard_h [
 [ PASS ]  s=1  r=0 ||  q=1 qbar=0
UVM_INFO sr_scoreboard.sv(151) @ 295: uvm_test_top.env_h.scoreboard_h [write_mon OUT ]  s=0  r=0 ||  q=1 qbar=0
UVM_INFO sr_scoreboard.sv(87) @ 295: uvm_test_top.env_h.scoreboard_h [write_drv STIM]  s=1  r=0
UVM_INFO sr_scoreboard.sv(185) @ 295: uvm_test_top.env_h.scoreboard_h [
 [ PASS ]  s=0  r=0 ||  q=1 qbar=0
UVM_INFO sr_scoreboard.sv(151) @ 300: uvm_test_top.env_h.scoreboard_h [write_mon OUT ]  s=1  r=0 ||  q=1 qbar=0
UVM_INFO sr_scoreboard.sv(87) @ 300: uvm_test_top.env_h.scoreboard_h [write_drv STIM]  s=0  r=0
UVM_INFO sr_scoreboard.sv(185) @ 300: uvm_test_top.env_h.scoreboard_h [
 [ PASS ]  s=1  r=0 ||  q=1 qbar=0
UVM_INFO sr_scoreboard.sv(151) @ 305: uvm_test_top.env_h.scoreboard_h [write_mon OUT ]  s=0  r=0 ||  q=1 qbar=0
UVM_INFO sr_scoreboard.sv(87) @ 305: uvm_test_top.env_h.scoreboard_h [write_drv STIM]  s=1  r=0
UVM_INFO sr_scoreboard.sv(185) @ 305: uvm_test_top.env_h.scoreboard_h [
 [ PASS ]  s=0  r=0 ||  q=1 qbar=0
UVM_INFO sr_scoreboard.sv(151) @ 310: uvm_test_top.env_h.scoreboard_h [write_mon OUT ]  s=1  r=0 ||  q=1 qbar=0
UVM_INFO sr_scoreboard.sv(87) @ 310: uvm_test_top.env_h.scoreboard_h [write_drv STIM]  s=0  r=0
UVM_INFO sr_scoreboard.sv(185) @ 310: uvm_test_top.env_h.scoreboard_h [
 [ PASS ]  s=1  r=0 ||  q=1 qbar=0
UVM_INFO sr_scoreboard.sv(151) @ 315: uvm_test_top.env_h.scoreboard_h [write_mon OUT ]  s=0  r=0 ||  q=1 qbar=0
UVM_INFO sr_scoreboard.sv(87) @ 315: uvm_test_top.env_h.scoreboard_h [write_drv STIM]  s=1  r=0
UVM_INFO sr_scoreboard.sv(185) @ 315: uvm_test_top.env_h.scoreboard_h [
 [ PASS ]  s=0  r=0 ||  q=1 qbar=0
UVM_INFO sr_scoreboard.sv(151) @ 320: uvm_test_top.env_h.scoreboard_h [write_mon OUT ]  s=1  r=0 ||  q=1 qbar=0
UVM_INFO sr_scoreboard.sv(87) @ 320: uvm_test_top.env_h.scoreboard_h [write_drv STIM]  s=0  r=0
UVM_INFO sr_scoreboard.sv(185) @ 320: uvm_test_top.env_h.scoreboard_h [
 [ PASS ]  s=1  r=0 ||  q=1 qbar=0
UVM_INFO sr_scoreboard.sv(151) @ 325: uvm_test_top.env_h.scoreboard_h [write_mon OUT ]  s=0  r=0 ||  q=1 qbar=0
UVM_INFO sr_scoreboard.sv(87) @ 325: uvm_test_top.env_h.scoreboard_h [write_drv STIM]  s=1  r=0
UVM_INFO sr_scoreboard.sv(185) @ 325: uvm_test_top.env_h.scoreboard_h [
 [ PASS ]  s=0  r=0 ||  q=1 qbar=0
UVM_INFO sr_scoreboard.sv(151) @ 330: uvm_test_top.env_h.scoreboard_h [write_mon OUT ]  s=1  r=0 ||  q=1 qbar=0
UVM_INFO sr_scoreboard.sv(87) @ 330: uvm_test_top.env_h.scoreboard_h [write_drv STIM]  s=0  r=0
UVM_INFO sr_scoreboard.sv(185) @ 330: uvm_test_top.env_h.scoreboard_h [
 [ PASS ]  s=1  r=0 ||  q=1 qbar=0
UVM_INFO sr_scoreboard.sv(151) @ 335: uvm_test_top.env_h.scoreboard_h [write_mon OUT ]  s=0  r=0 ||  q=1 qbar=0
UVM_INFO sr_scoreboard.sv(87) @ 335: uvm_test_top.env_h.scoreboard_h [write_drv STIM]  s=1  r=0
UVM_INFO sr_scoreboard.sv(185) @ 335: uvm_test_top.env_h.scoreboard_h [
 [ PASS ]  s=0  r=0 ||  q=1 qbar=0
UVM_INFO sr_scoreboard.sv(151) @ 340: uvm_test_top.env_h.scoreboard_h [write_mon OUT ]  s=1  r=0 ||  q=1 qbar=0
UVM_INFO sr_scoreboard.sv(87) @ 340: uvm_test_top.env_h.scoreboard_h [write_drv STIM]  s=0  r=0
UVM_INFO sr_scoreboard.sv(185) @ 340: uvm_test_top.env_h.scoreboard_h [
 [ PASS ]  s=1  r=0 ||  q=1 qbar=0
UVM_INFO sr_scoreboard.sv(151) @ 345: uvm_test_top.env_h.scoreboard_h [write_mon OUT ]  s=0  r=0 ||  q=1 qbar=0
UVM_INFO sr_scoreboard.sv(87) @ 345: uvm_test_top.env_h.scoreboard_h [write_drv STIM]  s=1  r=0
UVM_INFO sr_scoreboard.sv(185) @ 345: uvm_test_top.env_h.scoreboard_h [
 [ PASS ]  s=0  r=0 ||  q=1 qbar=0
UVM_INFO sr_scoreboard.sv(151) @ 350: uvm_test_top.env_h.scoreboard_h [write_mon OUT ]  s=1  r=0 ||  q=1 qbar=0
UVM_INFO sr_scoreboard.sv(87) @ 350: uvm_test_top.env_h.scoreboard_h [write_drv STIM]  s=0  r=0
UVM_INFO sr_scoreboard.sv(185) @ 350: uvm_test_top.env_h.scoreboard_h [
 [ PASS ]  s=1  r=0 ||  q=1 qbar=0
UVM_INFO sr_scoreboard.sv(151) @ 355: uvm_test_top.env_h.scoreboard_h [write_mon OUT ]  s=0  r=0 ||  q=1 qbar=0
UVM_INFO sr_scoreboard.sv(87) @ 355: uvm_test_top.env_h.scoreboard_h [write_drv STIM]  s=0  r=1
UVM_INFO sr_scoreboard.sv(185) @ 355: uvm_test_top.env_h.scoreboard_h [
 [ PASS ]  s=0  r=0 ||  q=1 qbar=0
UVM_INFO sr_scoreboard.sv(151) @ 360: uvm_test_top.env_h.scoreboard_h [write_mon OUT ]  s=0  r=1 ||  q=0 qbar=1
UVM_INFO sr_scoreboard.sv(87) @ 360: uvm_test_top.env_h.scoreboard_h [write_drv STIM]  s=0  r=0
UVM_INFO sr_scoreboard.sv(185) @ 360: uvm_test_top.env_h.scoreboard_h [
 [ PASS ]  s=0  r=1 ||  q=0 qbar=1
UVM_INFO sr_scoreboard.sv(151) @ 365: uvm_test_top.env_h.scoreboard_h [write_mon OUT ]  s=0  r=0 ||  q=0 qbar=1
UVM_INFO sr_scoreboard.sv(87) @ 365: uvm_test_top.env_h.scoreboard_h [write_drv STIM]  s=0  r=1
UVM_INFO sr_scoreboard.sv(185) @ 365: uvm_test_top.env_h.scoreboard_h [
 [ PASS ]  s=0  r=0 ||  q=0 qbar=1
UVM_INFO sr_scoreboard.sv(151) @ 370: uvm_test_top.env_h.scoreboard_h [write_mon OUT ]  s=0  r=1 ||  q=0 qbar=1
UVM_INFO sr_scoreboard.sv(87) @ 370: uvm_test_top.env_h.scoreboard_h [write_drv STIM]  s=0  r=0
UVM_INFO sr_scoreboard.sv(185) @ 370: uvm_test_top.env_h.scoreboard_h [
 [ PASS ]  s=0  r=1 ||  q=0 qbar=1
UVM_INFO sr_scoreboard.sv(151) @ 375: uvm_test_top.env_h.scoreboard_h [write_mon OUT ]  s=0  r=0 ||  q=0 qbar=1
UVM_INFO sr_scoreboard.sv(87) @ 375: uvm_test_top.env_h.scoreboard_h [write_drv STIM]  s=0  r=1
UVM_INFO sr_scoreboard.sv(185) @ 375: uvm_test_top.env_h.scoreboard_h [
 [ PASS ]  s=0  r=0 ||  q=0 qbar=1
UVM_INFO sr_scoreboard.sv(151) @ 380: uvm_test_top.env_h.scoreboard_h [write_mon OUT ]  s=0  r=1 ||  q=0 qbar=1
UVM_INFO sr_scoreboard.sv(87) @ 380: uvm_test_top.env_h.scoreboard_h [write_drv STIM]  s=0  r=0
UVM_INFO sr_scoreboard.sv(185) @ 380: uvm_test_top.env_h.scoreboard_h [
 [ PASS ]  s=0  r=1 ||  q=0 qbar=1
UVM_INFO sr_scoreboard.sv(151) @ 385: uvm_test_top.env_h.scoreboard_h [write_mon OUT ]  s=0  r=0 ||  q=0 qbar=1
UVM_INFO sr_scoreboard.sv(87) @ 385: uvm_test_top.env_h.scoreboard_h [write_drv STIM]  s=0  r=1
UVM_INFO sr_scoreboard.sv(185) @ 385: uvm_test_top.env_h.scoreboard_h [
 [ PASS ]  s=0  r=0 ||  q=0 qbar=1
UVM_INFO sr_scoreboard.sv(151) @ 390: uvm_test_top.env_h.scoreboard_h [write_mon OUT ]  s=0  r=1 ||  q=0 qbar=1
UVM_INFO sr_scoreboard.sv(87) @ 390: uvm_test_top.env_h.scoreboard_h [write_drv STIM]  s=0  r=0
UVM_INFO sr_scoreboard.sv(185) @ 390: uvm_test_top.env_h.scoreboard_h [
 [ PASS ]  s=0  r=1 ||  q=0 qbar=1
UVM_INFO sr_scoreboard.sv(151) @ 395: uvm_test_top.env_h.scoreboard_h [write_mon OUT ]  s=0  r=0 ||  q=0 qbar=1
UVM_INFO sr_scoreboard.sv(87) @ 395: uvm_test_top.env_h.scoreboard_h [write_drv STIM]  s=0  r=1
UVM_INFO sr_scoreboard.sv(185) @ 395: uvm_test_top.env_h.scoreboard_h [
 [ PASS ]  s=0  r=0 ||  q=0 qbar=1
UVM_INFO sr_scoreboard.sv(151) @ 400: uvm_test_top.env_h.scoreboard_h [write_mon OUT ]  s=0  r=1 ||  q=0 qbar=1
UVM_INFO sr_scoreboard.sv(87) @ 400: uvm_test_top.env_h.scoreboard_h [write_drv STIM]  s=0  r=0
UVM_INFO sr_scoreboard.sv(185) @ 400: uvm_test_top.env_h.scoreboard_h [
 [ PASS ]  s=0  r=1 ||  q=0 qbar=1
UVM_INFO sr_scoreboard.sv(151) @ 405: uvm_test_top.env_h.scoreboard_h [write_mon OUT ]  s=0  r=0 ||  q=0 qbar=1
UVM_INFO sr_scoreboard.sv(87) @ 405: uvm_test_top.env_h.scoreboard_h [write_drv STIM]  s=0  r=1
UVM_INFO sr_scoreboard.sv(185) @ 405: uvm_test_top.env_h.scoreboard_h [
 [ PASS ]  s=0  r=0 ||  q=0 qbar=1
UVM_INFO sr_scoreboard.sv(151) @ 410: uvm_test_top.env_h.scoreboard_h [write_mon OUT ]  s=0  r=1 ||  q=0 qbar=1
UVM_INFO sr_scoreboard.sv(87) @ 410: uvm_test_top.env_h.scoreboard_h [write_drv STIM]  s=0  r=0
UVM_INFO sr_scoreboard.sv(185) @ 410: uvm_test_top.env_h.scoreboard_h [
 [ PASS ]  s=0  r=1 ||  q=0 qbar=1
UVM_INFO sr_scoreboard.sv(151) @ 415: uvm_test_top.env_h.scoreboard_h [write_mon OUT ]  s=0  r=0 ||  q=0 qbar=1
UVM_INFO sr_scoreboard.sv(87) @ 415: uvm_test_top.env_h.scoreboard_h [write_drv STIM]  s=0  r=1
UVM_INFO sr_scoreboard.sv(185) @ 415: uvm_test_top.env_h.scoreboard_h [
 [ PASS ]  s=0  r=0 ||  q=0 qbar=1
UVM_INFO sr_scoreboard.sv(151) @ 420: uvm_test_top.env_h.scoreboard_h [write_mon OUT ]  s=0  r=1 ||  q=0 qbar=1
UVM_INFO sr_scoreboard.sv(87) @ 420: uvm_test_top.env_h.scoreboard_h [write_drv STIM]  s=0  r=0
UVM_INFO sr_scoreboard.sv(185) @ 420: uvm_test_top.env_h.scoreboard_h [
 [ PASS ]  s=0  r=1 ||  q=0 qbar=1
UVM_INFO sr_scoreboard.sv(151) @ 425: uvm_test_top.env_h.scoreboard_h [write_mon OUT ]  s=0  r=0 ||  q=0 qbar=1
UVM_INFO sr_scoreboard.sv(87) @ 425: uvm_test_top.env_h.scoreboard_h [write_drv STIM]  s=0  r=1
UVM_INFO sr_scoreboard.sv(185) @ 425: uvm_test_top.env_h.scoreboard_h [
 [ PASS ]  s=0  r=0 ||  q=0 qbar=1
UVM_INFO sr_scoreboard.sv(151) @ 430: uvm_test_top.env_h.scoreboard_h [write_mon OUT ]  s=0  r=1 ||  q=0 qbar=1
UVM_INFO sr_scoreboard.sv(87) @ 430: uvm_test_top.env_h.scoreboard_h [write_drv STIM]  s=0  r=0
UVM_INFO sr_scoreboard.sv(185) @ 430: uvm_test_top.env_h.scoreboard_h [
 [ PASS ]  s=0  r=1 ||  q=0 qbar=1
UVM_INFO sr_scoreboard.sv(151) @ 435: uvm_test_top.env_h.scoreboard_h [write_mon OUT ]  s=0  r=0 ||  q=0 qbar=1
UVM_INFO sr_scoreboard.sv(87) @ 435: uvm_test_top.env_h.scoreboard_h [write_drv STIM]  s=0  r=1
UVM_INFO sr_scoreboard.sv(185) @ 435: uvm_test_top.env_h.scoreboard_h [
 [ PASS ]  s=0  r=0 ||  q=0 qbar=1
UVM_INFO sr_scoreboard.sv(151) @ 440: uvm_test_top.env_h.scoreboard_h [write_mon OUT ]  s=0  r=1 ||  q=0 qbar=1
UVM_INFO sr_scoreboard.sv(87) @ 440: uvm_test_top.env_h.scoreboard_h [write_drv STIM]  s=0  r=0
UVM_INFO sr_scoreboard.sv(185) @ 440: uvm_test_top.env_h.scoreboard_h [
 [ PASS ]  s=0  r=1 ||  q=0 qbar=1
UVM_INFO sr_scoreboard.sv(151) @ 445: uvm_test_top.env_h.scoreboard_h [write_mon OUT ]  s=0  r=0 ||  q=0 qbar=1
UVM_INFO sr_scoreboard.sv(87) @ 445: uvm_test_top.env_h.scoreboard_h [write_drv STIM]  s=0  r=1
UVM_INFO sr_scoreboard.sv(185) @ 445: uvm_test_top.env_h.scoreboard_h [
 [ PASS ]  s=0  r=0 ||  q=0 qbar=1
UVM_INFO sr_scoreboard.sv(151) @ 450: uvm_test_top.env_h.scoreboard_h [write_mon OUT ]  s=0  r=1 ||  q=0 qbar=1
UVM_INFO sr_scoreboard.sv(87) @ 450: uvm_test_top.env_h.scoreboard_h [write_drv STIM]  s=0  r=0
UVM_INFO sr_scoreboard.sv(185) @ 450: uvm_test_top.env_h.scoreboard_h [
 [ PASS ]  s=0  r=1 ||  q=0 qbar=1
UVM_INFO sr_scoreboard.sv(151) @ 455: uvm_test_top.env_h.scoreboard_h [write_mon OUT ]  s=0  r=0 ||  q=0 qbar=1
UVM_INFO sr_scoreboard.sv(87) @ 455: uvm_test_top.env_h.scoreboard_h [write_drv STIM]  s=1  r=1
UVM_INFO sr_scoreboard.sv(185) @ 455: uvm_test_top.env_h.scoreboard_h [
 [ PASS ]  s=0  r=0 ||  q=0 qbar=1
UVM_INFO sr_scoreboard.sv(151) @ 460: uvm_test_top.env_h.scoreboard_h [write_mon OUT ]  s=1  r=1 ||  q=x qbar=x
UVM_INFO sr_scoreboard.sv(87) @ 460: uvm_test_top.env_h.scoreboard_h [write_drv STIM]  s=0  r=0
UVM_INFO sr_scoreboard.sv(185) @ 460: uvm_test_top.env_h.scoreboard_h [
 [ PASS ]  s=1  r=1 ||  q=x qbar=x
UVM_INFO sr_scoreboard.sv(151) @ 465: uvm_test_top.env_h.scoreboard_h [write_mon OUT ]  s=0  r=0 ||  q=x qbar=x
UVM_INFO sr_scoreboard.sv(87) @ 465: uvm_test_top.env_h.scoreboard_h [write_drv STIM]  s=1  r=1
UVM_INFO sr_scoreboard.sv(185) @ 465: uvm_test_top.env_h.scoreboard_h [
 [ PASS ]  s=0  r=0 ||  q=x qbar=x
UVM_INFO sr_scoreboard.sv(151) @ 470: uvm_test_top.env_h.scoreboard_h [write_mon OUT ]  s=1  r=1 ||  q=x qbar=x
UVM_INFO sr_scoreboard.sv(87) @ 470: uvm_test_top.env_h.scoreboard_h [write_drv STIM]  s=0  r=0
UVM_INFO sr_scoreboard.sv(185) @ 470: uvm_test_top.env_h.scoreboard_h [
 [ PASS ]  s=1  r=1 ||  q=x qbar=x
UVM_INFO sr_scoreboard.sv(151) @ 475: uvm_test_top.env_h.scoreboard_h [write_mon OUT ]  s=0  r=0 ||  q=x qbar=x
UVM_INFO sr_scoreboard.sv(87) @ 475: uvm_test_top.env_h.scoreboard_h [write_drv STIM]  s=1  r=1
UVM_INFO sr_scoreboard.sv(185) @ 475: uvm_test_top.env_h.scoreboard_h [
 [ PASS ]  s=0  r=0 ||  q=x qbar=x
UVM_INFO sr_scoreboard.sv(151) @ 480: uvm_test_top.env_h.scoreboard_h [write_mon OUT ]  s=1  r=1 ||  q=x qbar=x
UVM_INFO sr_scoreboard.sv(87) @ 480: uvm_test_top.env_h.scoreboard_h [write_drv STIM]  s=0  r=0
UVM_INFO sr_scoreboard.sv(185) @ 480: uvm_test_top.env_h.scoreboard_h [
 [ PASS ]  s=1  r=1 ||  q=x qbar=x
UVM_INFO sr_scoreboard.sv(151) @ 485: uvm_test_top.env_h.scoreboard_h [write_mon OUT ]  s=0  r=0 ||  q=x qbar=x
UVM_INFO sr_scoreboard.sv(87) @ 485: uvm_test_top.env_h.scoreboard_h [write_drv STIM]  s=1  r=1
UVM_INFO sr_scoreboard.sv(185) @ 485: uvm_test_top.env_h.scoreboard_h [
 [ PASS ]  s=0  r=0 ||  q=x qbar=x
UVM_INFO sr_scoreboard.sv(151) @ 490: uvm_test_top.env_h.scoreboard_h [write_mon OUT ]  s=1  r=1 ||  q=x qbar=x
UVM_INFO sr_scoreboard.sv(87) @ 490: uvm_test_top.env_h.scoreboard_h [write_drv STIM]  s=0  r=0
UVM_INFO sr_scoreboard.sv(185) @ 490: uvm_test_top.env_h.scoreboard_h [
 [ PASS ]  s=1  r=1 ||  q=x qbar=x
UVM_INFO sr_scoreboard.sv(151) @ 495: uvm_test_top.env_h.scoreboard_h [write_mon OUT ]  s=0  r=0 ||  q=x qbar=x
UVM_INFO sr_scoreboard.sv(87) @ 495: uvm_test_top.env_h.scoreboard_h [write_drv STIM]  s=1  r=1
UVM_INFO sr_scoreboard.sv(185) @ 495: uvm_test_top.env_h.scoreboard_h [
 [ PASS ]  s=0  r=0 ||  q=x qbar=x
UVM_INFO sr_scoreboard.sv(151) @ 500: uvm_test_top.env_h.scoreboard_h [write_mon OUT ]  s=1  r=1 ||  q=x qbar=x
UVM_INFO sr_scoreboard.sv(87) @ 500: uvm_test_top.env_h.scoreboard_h [write_drv STIM]  s=0  r=0
UVM_INFO sr_scoreboard.sv(185) @ 500: uvm_test_top.env_h.scoreboard_h [
 [ PASS ]  s=1  r=1 ||  q=x qbar=x
UVM_INFO sr_scoreboard.sv(151) @ 505: uvm_test_top.env_h.scoreboard_h [write_mon OUT ]  s=0  r=0 ||  q=x qbar=x
UVM_INFO sr_scoreboard.sv(87) @ 505: uvm_test_top.env_h.scoreboard_h [write_drv STIM]  s=1  r=1
UVM_INFO sr_scoreboard.sv(185) @ 505: uvm_test_top.env_h.scoreboard_h [
 [ PASS ]  s=0  r=0 ||  q=x qbar=x
UVM_INFO sr_scoreboard.sv(151) @ 510: uvm_test_top.env_h.scoreboard_h [write_mon OUT ]  s=1  r=1 ||  q=x qbar=x
UVM_INFO sr_scoreboard.sv(87) @ 510: uvm_test_top.env_h.scoreboard_h [write_drv STIM]  s=0  r=0
UVM_INFO sr_scoreboard.sv(185) @ 510: uvm_test_top.env_h.scoreboard_h [
 [ PASS ]  s=1  r=1 ||  q=x qbar=x
UVM_INFO sr_scoreboard.sv(151) @ 515: uvm_test_top.env_h.scoreboard_h [write_mon OUT ]  s=0  r=0 ||  q=x qbar=x
UVM_INFO sr_scoreboard.sv(87) @ 515: uvm_test_top.env_h.scoreboard_h [write_drv STIM]  s=1  r=1
UVM_INFO sr_scoreboard.sv(185) @ 515: uvm_test_top.env_h.scoreboard_h [
 [ PASS ]  s=0  r=0 ||  q=x qbar=x
UVM_INFO sr_scoreboard.sv(151) @ 520: uvm_test_top.env_h.scoreboard_h [write_mon OUT ]  s=1  r=1 ||  q=x qbar=x
UVM_INFO sr_scoreboard.sv(87) @ 520: uvm_test_top.env_h.scoreboard_h [write_drv STIM]  s=0  r=0
UVM_INFO sr_scoreboard.sv(185) @ 520: uvm_test_top.env_h.scoreboard_h [
 [ PASS ]  s=1  r=1 ||  q=x qbar=x
UVM_INFO sr_scoreboard.sv(151) @ 525: uvm_test_top.env_h.scoreboard_h [write_mon OUT ]  s=0  r=0 ||  q=x qbar=x
UVM_INFO sr_scoreboard.sv(87) @ 525: uvm_test_top.env_h.scoreboard_h [write_drv STIM]  s=1  r=1
UVM_INFO sr_scoreboard.sv(185) @ 525: uvm_test_top.env_h.scoreboard_h [
 [ PASS ]  s=0  r=0 ||  q=x qbar=x
UVM_INFO sr_scoreboard.sv(151) @ 530: uvm_test_top.env_h.scoreboard_h [write_mon OUT ]  s=1  r=1 ||  q=x qbar=x
UVM_INFO sr_scoreboard.sv(87) @ 530: uvm_test_top.env_h.scoreboard_h [write_drv STIM]  s=0  r=0
UVM_INFO sr_scoreboard.sv(185) @ 530: uvm_test_top.env_h.scoreboard_h [
 [ PASS ]  s=1  r=1 ||  q=x qbar=x
UVM_INFO sr_scoreboard.sv(151) @ 535: uvm_test_top.env_h.scoreboard_h [write_mon OUT ]  s=0  r=0 ||  q=x qbar=x
UVM_INFO sr_scoreboard.sv(87) @ 535: uvm_test_top.env_h.scoreboard_h [write_drv STIM]  s=1  r=1
UVM_INFO sr_scoreboard.sv(185) @ 535: uvm_test_top.env_h.scoreboard_h [
 [ PASS ]  s=0  r=0 ||  q=x qbar=x
UVM_INFO sr_scoreboard.sv(151) @ 540: uvm_test_top.env_h.scoreboard_h [write_mon OUT ]  s=1  r=1 ||  q=x qbar=x
UVM_INFO sr_scoreboard.sv(87) @ 540: uvm_test_top.env_h.scoreboard_h [write_drv STIM]  s=0  r=0
UVM_INFO sr_scoreboard.sv(185) @ 540: uvm_test_top.env_h.scoreboard_h [
 [ PASS ]  s=1  r=1 ||  q=x qbar=x
UVM_INFO sr_scoreboard.sv(151) @ 545: uvm_test_top.env_h.scoreboard_h [write_mon OUT ]  s=0  r=0 ||  q=x qbar=x
UVM_INFO sr_scoreboard.sv(87) @ 545: uvm_test_top.env_h.scoreboard_h [write_drv STIM]  s=1  r=1
UVM_INFO sr_scoreboard.sv(185) @ 545: uvm_test_top.env_h.scoreboard_h [
 [ PASS ]  s=0  r=0 ||  q=x qbar=x
UVM_INFO sr_scoreboard.sv(151) @ 550: uvm_test_top.env_h.scoreboard_h [write_mon OUT ]  s=1  r=1 ||  q=x qbar=x
UVM_INFO sr_scoreboard.sv(87) @ 550: uvm_test_top.env_h.scoreboard_h [write_drv STIM]  s=0  r=0
UVM_INFO sr_scoreboard.sv(185) @ 550: uvm_test_top.env_h.scoreboard_h [
 [ PASS ]  s=1  r=1 ||  q=x qbar=x
UVM_INFO sr_scoreboard.sv(151) @ 555: uvm_test_top.env_h.scoreboard_h [write_mon OUT ]  s=0  r=0 ||  q=x qbar=x
UVM_INFO sr_scoreboard.sv(151) @ 560: uvm_test_top.env_h.scoreboard_h [write_mon OUT ]  s=0  r=0 ||  q=x qbar=x
UVM_INFO sr_coverage.sv(62) @ 560: uvm_test_top.env_h.coverage_h [sr_coverage] Coverage is 100.000000
UVM_INFO sr_scoreboard.sv(223) @ 560: uvm_test_top.env_h.scoreboard_h [PASSED] *** TEST PASSED - 109 vectors ran, 109 vectors passed ***
